{"C:\\Users\\Paul Chong\\Desktop\\web-crawler\\index.js":{"path":"C:\\Users\\Paul Chong\\Desktop\\web-crawler\\index.js","s":{"1":1,"2":1,"3":1,"4":1,"5":1,"6":1,"7":1,"8":1,"9":1,"10":1,"11":1,"12":0,"13":0},"b":{"1":[1,0]},"f":{"1":1,"2":1,"3":1},"fnMap":{"1":{"name":"prompt","line":19,"loc":{"start":{"line":19,"column":0},"end":{"line":19,"column":36}}},"2":{"name":"(anonymous_2)","line":26,"loc":{"start":{"line":26,"column":20},"end":{"line":26,"column":35}}},"3":{"name":"(anonymous_3)","line":36,"loc":{"start":{"line":36,"column":41},"end":{"line":36,"column":57}}}},"statementMap":{"1":{"start":{"line":11,"column":0},"end":{"line":11,"column":42}},"2":{"start":{"line":19,"column":0},"end":{"line":29,"column":1}},"3":{"start":{"line":20,"column":1},"end":{"line":20,"column":27}},"4":{"start":{"line":21,"column":1},"end":{"line":21,"column":29}},"5":{"start":{"line":23,"column":1},"end":{"line":23,"column":16}},"6":{"start":{"line":24,"column":1},"end":{"line":24,"column":24}},"7":{"start":{"line":26,"column":1},"end":{"line":28,"column":4}},"8":{"start":{"line":27,"column":2},"end":{"line":27,"column":35}},"9":{"start":{"line":36,"column":0},"end":{"line":43,"column":2}},"10":{"start":{"line":37,"column":1},"end":{"line":42,"column":2}},"11":{"start":{"line":38,"column":2},"end":{"line":38,"column":18}},"12":{"start":{"line":40,"column":2},"end":{"line":40,"column":91}},"13":{"start":{"line":41,"column":2},"end":{"line":41,"column":17}}},"branchMap":{"1":{"line":37,"type":"if","locations":[{"start":{"line":37,"column":1},"end":{"line":37,"column":1}},{"start":{"line":37,"column":1},"end":{"line":37,"column":1}}]}}},"C:\\Users\\Paul Chong\\Desktop\\web-crawler\\src\\crawler.js":{"path":"C:\\Users\\Paul Chong\\Desktop\\web-crawler\\src\\crawler.js","s":{"1":1,"2":1,"3":1,"4":1,"5":1,"6":1,"7":1,"8":1,"9":1,"10":1,"11":1,"12":1,"13":1,"14":1,"15":1,"16":1,"17":1,"18":1,"19":1,"20":0,"21":1,"22":35104,"23":35103,"24":35103,"25":33364,"26":1739,"27":1739,"28":1,"29":1,"30":1,"31":0,"32":1,"33":1,"34":1,"35":1739,"36":1739,"37":1739,"38":1739,"39":1739,"40":34,"41":34,"42":1705,"43":1705,"44":1705,"45":3410,"46":1705,"47":1705,"48":1705,"49":1705,"50":1,"51":1705,"52":1705,"53":1071,"54":35104,"55":2,"56":0,"57":35102,"58":35102,"59":1,"60":3410,"61":3410,"62":2755,"63":24639,"64":19107,"65":807,"66":0,"67":807,"68":18300,"69":17737,"70":563,"71":1,"72":1705,"73":1705,"74":1693,"75":14290,"76":1694,"77":1,"78":1693,"79":1685,"80":8,"81":1,"82":1},"b":{"1":[1,0],"2":[35103,1],"3":[33364,1739],"4":[1,0],"5":[0,1],"6":[34,1705],"7":[1739,1739],"8":[1071,634],"9":[2,35102],"10":[0,2],"11":[35102,0],"12":[35102,35102],"13":[2755,655],"14":[19107,5532],"15":[807,18300],"16":[0,807],"17":[17737,563],"18":[1693,12],"19":[1694,12596],"20":[14290,14290],"21":[1,1693],"22":[1685,8]},"f":{"1":1,"2":35104,"3":1,"4":1739,"5":1739,"6":1705,"7":35104,"8":3410,"9":24639,"10":1705,"11":14290},"fnMap":{"1":{"name":"(anonymous_1)","line":35,"loc":{"start":{"line":35,"column":17},"end":{"line":35,"column":36}}},"2":{"name":"(anonymous_2)","line":52,"loc":{"start":{"line":52,"column":14},"end":{"line":52,"column":25}}},"3":{"name":"(anonymous_3)","line":66,"loc":{"start":{"line":66,"column":69},"end":{"line":66,"column":85}}},"4":{"name":"visitPage","line":84,"loc":{"start":{"line":84,"column":0},"end":{"line":84,"column":34}}},"5":{"name":"(anonymous_5)","line":89,"loc":{"start":{"line":89,"column":14},"end":{"line":89,"column":46}}},"6":{"name":"getRelativeLinks","line":111,"loc":{"start":{"line":111,"column":0},"end":{"line":111,"column":35}}},"7":{"name":"(anonymous_7)","line":114,"loc":{"start":{"line":114,"column":21},"end":{"line":114,"column":32}}},"8":{"name":"getSources","line":134,"loc":{"start":{"line":134,"column":0},"end":{"line":134,"column":34}}},"9":{"name":"(anonymous_9)","line":137,"loc":{"start":{"line":137,"column":19},"end":{"line":137,"column":30}}},"10":{"name":"getStylesheets","line":161,"loc":{"start":{"line":161,"column":0},"end":{"line":161,"column":33}}},"11":{"name":"(anonymous_11)","line":165,"loc":{"start":{"line":165,"column":23},"end":{"line":165,"column":34}}}},"statementMap":{"1":{"start":{"line":14,"column":0},"end":{"line":14,"column":35}},"2":{"start":{"line":15,"column":0},"end":{"line":15,"column":33}},"3":{"start":{"line":16,"column":0},"end":{"line":16,"column":35}},"4":{"start":{"line":17,"column":0},"end":{"line":17,"column":25}},"5":{"start":{"line":19,"column":0},"end":{"line":19,"column":22}},"6":{"start":{"line":20,"column":0},"end":{"line":20,"column":22}},"7":{"start":{"line":21,"column":0},"end":{"line":21,"column":21}},"8":{"start":{"line":22,"column":0},"end":{"line":22,"column":19}},"9":{"start":{"line":23,"column":0},"end":{"line":23,"column":20}},"10":{"start":{"line":24,"column":0},"end":{"line":24,"column":25}},"11":{"start":{"line":25,"column":0},"end":{"line":25,"column":14}},"12":{"start":{"line":26,"column":0},"end":{"line":26,"column":35}},"13":{"start":{"line":35,"column":0},"end":{"line":45,"column":1}},"14":{"start":{"line":36,"column":1},"end":{"line":36,"column":74}},"15":{"start":{"line":37,"column":1},"end":{"line":37,"column":29}},"16":{"start":{"line":39,"column":1},"end":{"line":43,"column":2}},"17":{"start":{"line":40,"column":2},"end":{"line":40,"column":47}},"18":{"start":{"line":41,"column":2},"end":{"line":41,"column":35}},"19":{"start":{"line":42,"column":2},"end":{"line":42,"column":14}},"20":{"start":{"line":44,"column":1},"end":{"line":44,"column":14}},"21":{"start":{"line":52,"column":0},"end":{"line":75,"column":1}},"22":{"start":{"line":53,"column":1},"end":{"line":74,"column":2}},"23":{"start":{"line":54,"column":2},"end":{"line":54,"column":36}},"24":{"start":{"line":56,"column":2},"end":{"line":64,"column":3}},"25":{"start":{"line":57,"column":3},"end":{"line":57,"column":11}},"26":{"start":{"line":59,"column":3},"end":{"line":62,"column":6}},"27":{"start":{"line":63,"column":3},"end":{"line":63,"column":30}},"28":{"start":{"line":65,"column":8},"end":{"line":74,"column":2}},"29":{"start":{"line":66,"column":2},"end":{"line":73,"column":5}},"30":{"start":{"line":67,"column":3},"end":{"line":72,"column":4}},"31":{"start":{"line":68,"column":4},"end":{"line":68,"column":49}},"32":{"start":{"line":70,"column":4},"end":{"line":70,"column":47}},"33":{"start":{"line":71,"column":4},"end":{"line":71,"column":19}},"34":{"start":{"line":84,"column":0},"end":{"line":109,"column":1}},"35":{"start":{"line":85,"column":1},"end":{"line":85,"column":26}},"36":{"start":{"line":86,"column":1},"end":{"line":86,"column":9}},"37":{"start":{"line":87,"column":1},"end":{"line":87,"column":46}},"38":{"start":{"line":89,"column":1},"end":{"line":108,"column":3}},"39":{"start":{"line":90,"column":2},"end":{"line":93,"column":3}},"40":{"start":{"line":91,"column":3},"end":{"line":91,"column":14}},"41":{"start":{"line":92,"column":3},"end":{"line":92,"column":10}},"42":{"start":{"line":96,"column":2},"end":{"line":96,"column":56}},"43":{"start":{"line":98,"column":2},"end":{"line":98,"column":29}},"44":{"start":{"line":99,"column":2},"end":{"line":101,"column":3}},"45":{"start":{"line":100,"column":3},"end":{"line":100,"column":36}},"46":{"start":{"line":102,"column":2},"end":{"line":102,"column":26}},"47":{"start":{"line":104,"column":2},"end":{"line":104,"column":28}},"48":{"start":{"line":106,"column":2},"end":{"line":106,"column":16}},"49":{"start":{"line":107,"column":2},"end":{"line":107,"column":13}},"50":{"start":{"line":111,"column":0},"end":{"line":124,"column":1}},"51":{"start":{"line":112,"column":1},"end":{"line":112,"column":39}},"52":{"start":{"line":113,"column":1},"end":{"line":123,"column":2}},"53":{"start":{"line":114,"column":2},"end":{"line":122,"column":5}},"54":{"start":{"line":115,"column":3},"end":{"line":121,"column":4}},"55":{"start":{"line":116,"column":4},"end":{"line":118,"column":5}},"56":{"start":{"line":117,"column":5},"end":{"line":117,"column":54}},"57":{"start":{"line":119,"column":10},"end":{"line":121,"column":4}},"58":{"start":{"line":120,"column":4},"end":{"line":120,"column":54}},"59":{"start":{"line":134,"column":0},"end":{"line":153,"column":1}},"60":{"start":{"line":135,"column":1},"end":{"line":135,"column":26}},"61":{"start":{"line":136,"column":1},"end":{"line":152,"column":2}},"62":{"start":{"line":137,"column":2},"end":{"line":151,"column":5}},"63":{"start":{"line":138,"column":3},"end":{"line":150,"column":4}},"64":{"start":{"line":139,"column":4},"end":{"line":149,"column":5}},"65":{"start":{"line":140,"column":5},"end":{"line":144,"column":6}},"66":{"start":{"line":141,"column":6},"end":{"line":141,"column":73}},"67":{"start":{"line":143,"column":6},"end":{"line":143,"column":73}},"68":{"start":{"line":145,"column":11},"end":{"line":149,"column":5}},"69":{"start":{"line":146,"column":5},"end":{"line":146,"column":73}},"70":{"start":{"line":148,"column":5},"end":{"line":148,"column":63}},"71":{"start":{"line":161,"column":0},"end":{"line":177,"column":1}},"72":{"start":{"line":162,"column":1},"end":{"line":162,"column":33}},"73":{"start":{"line":164,"column":1},"end":{"line":176,"column":2}},"74":{"start":{"line":165,"column":2},"end":{"line":175,"column":5}},"75":{"start":{"line":166,"column":3},"end":{"line":174,"column":4}},"76":{"start":{"line":167,"column":4},"end":{"line":173,"column":5}},"77":{"start":{"line":168,"column":5},"end":{"line":168,"column":73}},"78":{"start":{"line":169,"column":11},"end":{"line":173,"column":5}},"79":{"start":{"line":170,"column":5},"end":{"line":170,"column":74}},"80":{"start":{"line":172,"column":5},"end":{"line":172,"column":64}},"81":{"start":{"line":179,"column":0},"end":{"line":179,"column":28}},"82":{"start":{"line":180,"column":0},"end":{"line":180,"column":22}}},"branchMap":{"1":{"line":39,"type":"if","locations":[{"start":{"line":39,"column":1},"end":{"line":39,"column":1}},{"start":{"line":39,"column":1},"end":{"line":39,"column":1}}]},"2":{"line":53,"type":"if","locations":[{"start":{"line":53,"column":1},"end":{"line":53,"column":1}},{"start":{"line":53,"column":1},"end":{"line":53,"column":1}}]},"3":{"line":56,"type":"if","locations":[{"start":{"line":56,"column":2},"end":{"line":56,"column":2}},{"start":{"line":56,"column":2},"end":{"line":56,"column":2}}]},"4":{"line":65,"type":"if","locations":[{"start":{"line":65,"column":8},"end":{"line":65,"column":8}},{"start":{"line":65,"column":8},"end":{"line":65,"column":8}}]},"5":{"line":67,"type":"if","locations":[{"start":{"line":67,"column":3},"end":{"line":67,"column":3}},{"start":{"line":67,"column":3},"end":{"line":67,"column":3}}]},"6":{"line":90,"type":"if","locations":[{"start":{"line":90,"column":2},"end":{"line":90,"column":2}},{"start":{"line":90,"column":2},"end":{"line":90,"column":2}}]},"7":{"line":90,"type":"binary-expr","locations":[{"start":{"line":90,"column":6},"end":{"line":90,"column":11}},{"start":{"line":90,"column":15},"end":{"line":90,"column":42}}]},"8":{"line":113,"type":"if","locations":[{"start":{"line":113,"column":1},"end":{"line":113,"column":1}},{"start":{"line":113,"column":1},"end":{"line":113,"column":1}}]},"9":{"line":115,"type":"if","locations":[{"start":{"line":115,"column":3},"end":{"line":115,"column":3}},{"start":{"line":115,"column":3},"end":{"line":115,"column":3}}]},"10":{"line":116,"type":"if","locations":[{"start":{"line":116,"column":4},"end":{"line":116,"column":4}},{"start":{"line":116,"column":4},"end":{"line":116,"column":4}}]},"11":{"line":119,"type":"if","locations":[{"start":{"line":119,"column":10},"end":{"line":119,"column":10}},{"start":{"line":119,"column":10},"end":{"line":119,"column":10}}]},"12":{"line":119,"type":"binary-expr","locations":[{"start":{"line":119,"column":14},"end":{"line":119,"column":45}},{"start":{"line":119,"column":49},"end":{"line":119,"column":80}}]},"13":{"line":136,"type":"if","locations":[{"start":{"line":136,"column":1},"end":{"line":136,"column":1}},{"start":{"line":136,"column":1},"end":{"line":136,"column":1}}]},"14":{"line":138,"type":"if","locations":[{"start":{"line":138,"column":3},"end":{"line":138,"column":3}},{"start":{"line":138,"column":3},"end":{"line":138,"column":3}}]},"15":{"line":139,"type":"if","locations":[{"start":{"line":139,"column":4},"end":{"line":139,"column":4}},{"start":{"line":139,"column":4},"end":{"line":139,"column":4}}]},"16":{"line":140,"type":"if","locations":[{"start":{"line":140,"column":5},"end":{"line":140,"column":5}},{"start":{"line":140,"column":5},"end":{"line":140,"column":5}}]},"17":{"line":145,"type":"if","locations":[{"start":{"line":145,"column":11},"end":{"line":145,"column":11}},{"start":{"line":145,"column":11},"end":{"line":145,"column":11}}]},"18":{"line":164,"type":"if","locations":[{"start":{"line":164,"column":1},"end":{"line":164,"column":1}},{"start":{"line":164,"column":1},"end":{"line":164,"column":1}}]},"19":{"line":166,"type":"if","locations":[{"start":{"line":166,"column":3},"end":{"line":166,"column":3}},{"start":{"line":166,"column":3},"end":{"line":166,"column":3}}]},"20":{"line":166,"type":"binary-expr","locations":[{"start":{"line":166,"column":7},"end":{"line":166,"column":27}},{"start":{"line":166,"column":31},"end":{"line":166,"column":67}}]},"21":{"line":167,"type":"if","locations":[{"start":{"line":167,"column":4},"end":{"line":167,"column":4}},{"start":{"line":167,"column":4},"end":{"line":167,"column":4}}]},"22":{"line":169,"type":"if","locations":[{"start":{"line":169,"column":11},"end":{"line":169,"column":11}},{"start":{"line":169,"column":11},"end":{"line":169,"column":11}}]}}}}