TN:
SF:C:\Users\Paul Chong\Desktop\web-crawler\index.js
FN:19,prompt
FN:26,(anonymous_2)
FN:36,(anonymous_3)
FNF:3
FNH:3
FNDA:1,prompt
FNDA:1,(anonymous_2)
FNDA:1,(anonymous_3)
DA:11,1
DA:19,1
DA:20,1
DA:21,1
DA:23,1
DA:24,1
DA:26,1
DA:27,1
DA:36,1
DA:37,1
DA:38,1
DA:40,0
DA:41,0
LF:13
LH:11
BRDA:37,1,0,1
BRDA:37,1,1,0
BRF:2
BRH:1
end_of_record
TN:
SF:C:\Users\Paul Chong\Desktop\web-crawler\src\crawler.js
FN:35,(anonymous_1)
FN:52,(anonymous_2)
FN:66,(anonymous_3)
FN:84,visitPage
FN:89,(anonymous_5)
FN:111,getRelativeLinks
FN:114,(anonymous_7)
FN:134,getSources
FN:137,(anonymous_9)
FN:161,getStylesheets
FN:165,(anonymous_11)
FNF:11
FNH:11
FNDA:1,(anonymous_1)
FNDA:35104,(anonymous_2)
FNDA:1,(anonymous_3)
FNDA:1739,visitPage
FNDA:1739,(anonymous_5)
FNDA:1705,getRelativeLinks
FNDA:35104,(anonymous_7)
FNDA:3410,getSources
FNDA:24639,(anonymous_9)
FNDA:1705,getStylesheets
FNDA:14290,(anonymous_11)
DA:14,1
DA:15,1
DA:16,1
DA:17,1
DA:19,1
DA:20,1
DA:21,1
DA:22,1
DA:23,1
DA:24,1
DA:25,1
DA:26,1
DA:35,1
DA:36,1
DA:37,1
DA:39,1
DA:40,1
DA:41,1
DA:42,1
DA:44,0
DA:52,1
DA:53,35104
DA:54,35103
DA:56,35103
DA:57,33364
DA:59,1739
DA:63,1739
DA:65,1
DA:66,1
DA:67,1
DA:68,0
DA:70,1
DA:71,1
DA:84,1
DA:85,1739
DA:86,1739
DA:87,1739
DA:89,1739
DA:90,1739
DA:91,34
DA:92,34
DA:96,1705
DA:98,1705
DA:99,1705
DA:100,3410
DA:102,1705
DA:104,1705
DA:106,1705
DA:107,1705
DA:111,1
DA:112,1705
DA:113,1705
DA:114,1071
DA:115,35104
DA:116,2
DA:117,0
DA:119,35102
DA:120,35102
DA:134,1
DA:135,3410
DA:136,3410
DA:137,2755
DA:138,24639
DA:139,19107
DA:140,807
DA:141,0
DA:143,807
DA:145,18300
DA:146,17737
DA:148,563
DA:161,1
DA:162,1705
DA:164,1705
DA:165,1693
DA:166,14290
DA:167,1694
DA:168,1
DA:169,1693
DA:170,1685
DA:172,8
DA:179,1
DA:180,1
LF:82
LH:78
BRDA:39,1,0,1
BRDA:39,1,1,0
BRDA:53,2,0,35103
BRDA:53,2,1,1
BRDA:56,3,0,33364
BRDA:56,3,1,1739
BRDA:65,4,0,1
BRDA:65,4,1,0
BRDA:67,5,0,0
BRDA:67,5,1,1
BRDA:90,6,0,34
BRDA:90,6,1,1705
BRDA:90,7,0,1739
BRDA:90,7,1,1739
BRDA:113,8,0,1071
BRDA:113,8,1,634
BRDA:115,9,0,2
BRDA:115,9,1,35102
BRDA:116,10,0,0
BRDA:116,10,1,2
BRDA:119,11,0,35102
BRDA:119,11,1,0
BRDA:119,12,0,35102
BRDA:119,12,1,35102
BRDA:136,13,0,2755
BRDA:136,13,1,655
BRDA:138,14,0,19107
BRDA:138,14,1,5532
BRDA:139,15,0,807
BRDA:139,15,1,18300
BRDA:140,16,0,0
BRDA:140,16,1,807
BRDA:145,17,0,17737
BRDA:145,17,1,563
BRDA:164,18,0,1693
BRDA:164,18,1,12
BRDA:166,19,0,1694
BRDA:166,19,1,12596
BRDA:166,20,0,14290
BRDA:166,20,1,14290
BRDA:167,21,0,1
BRDA:167,21,1,1693
BRDA:169,22,0,1685
BRDA:169,22,1,8
BRF:44
BRH:38
end_of_record
